\BOOKMARK [0][-]{chapter.1}{\376\377\000I\000n\000t\000r\000o\000d\000u\000c\000t\000i\000o\000n}{}% 1
\BOOKMARK [1][-]{section.1.1}{\376\377\000B\000a\000c\000k\000g\000r\000o\000u\000n\000d}{chapter.1}% 2
\BOOKMARK [1][-]{section.1.2}{\376\377\000P\000r\000o\000b\000l\000e\000m\000\040\000S\000t\000a\000t\000e\000m\000e\000n\000t}{chapter.1}% 3
\BOOKMARK [1][-]{section.1.3}{\376\377\000A\000i\000m}{chapter.1}% 4
\BOOKMARK [0][-]{chapter.2}{\376\377\000L\000i\000t\000e\000r\000a\000t\000u\000r\000e\000\040\000R\000e\000v\000i\000e\000w}{}% 5
\BOOKMARK [1][-]{section.2.1}{\376\377\000C\000u\000r\000r\000e\000n\000t\000\040\000P\000r\000o\000c\000e\000s\000s}{chapter.2}% 6
\BOOKMARK [2][-]{subsection.2.1.1}{\376\377\000J\000o\000b\000\040\000D\000e\000s\000c\000r\000i\000p\000t\000i\000o\000n\000s}{section.2.1}% 7
\BOOKMARK [2][-]{subsection.2.1.2}{\376\377\000A\000d\000v\000i\000s\000o\000r\000y\000\040\000A\000p\000p\000o\000i\000n\000t\000m\000e\000n\000t\000\040\000C\000o\000m\000m\000i\000t\000t\000e\000e\000s}{section.2.1}% 8
\BOOKMARK [1][-]{section.2.2}{\376\377\000R\000e\000l\000a\000t\000e\000d\000\040\000W\000o\000r\000k\000s}{chapter.2}% 9
\BOOKMARK [2][-]{subsection.2.2.1}{\376\377\000E\000x\000i\000s\000t\000i\000n\000g\000\040\000S\000t\000o\000r\000a\000g\000e\000\040\000S\000y\000s\000t\000e\000m\000s}{section.2.2}% 10
\BOOKMARK [2][-]{subsection.2.2.2}{\376\377\000H\000e\000a\000l\000t\000h\000c\000a\000r\000e\000\040\000R\000e\000c\000r\000u\000i\000t\000m\000e\000n\000t\000\040\000T\000o\000o\000l\000s}{section.2.2}% 11
\BOOKMARK [2][-]{subsection.2.2.3}{\376\377\000O\000t\000h\000e\000r\000\040\000R\000o\000y\000a\000l\000\040\000C\000o\000l\000l\000e\000g\000e\000s}{section.2.2}% 12
\BOOKMARK [0][-]{chapter.3}{\376\377\000D\000e\000s\000i\000g\000n}{}% 13
\BOOKMARK [1][-]{section.3.1}{\376\377\000V\000i\000s\000u\000a\000l\000s}{chapter.3}% 14
\BOOKMARK [1][-]{section.3.2}{\376\377\000F\000r\000a\000m\000e\000w\000o\000r\000k\000s}{chapter.3}% 15
\BOOKMARK [2][-]{subsection.3.2.1}{\376\377\000D\000j\000a\000n\000g\000o}{section.3.2}% 16
\BOOKMARK [2][-]{subsection.3.2.2}{\376\377\000S\000v\000e\000l\000t\000e\000K\000i\000t}{section.3.2}% 17
\BOOKMARK [1][-]{section.3.3}{\376\377\000D\000e\000p\000l\000o\000y\000m\000e\000n\000t}{chapter.3}% 18
\BOOKMARK [1][-]{section.3.4}{\376\377\000F\000i\000l\000e\000\040\000S\000t\000r\000u\000c\000t\000u\000r\000e}{chapter.3}% 19
\BOOKMARK [1][-]{section.3.5}{\376\377\000R\000o\000u\000t\000e\000s}{chapter.3}% 20
\BOOKMARK [1][-]{section.3.6}{\376\377\000C\000o\000d\000i\000n\000g\000\040\000S\000t\000y\000l\000e}{chapter.3}% 21
\BOOKMARK [0][-]{chapter.4}{\376\377\000I\000m\000p\000l\000e\000m\000e\000n\000t\000a\000t\000i\000o\000n}{}% 22
\BOOKMARK [1][-]{section.4.1}{\376\377\000D\000a\000t\000a\000b\000a\000s\000e}{chapter.4}% 23
\BOOKMARK [1][-]{section.4.2}{\376\377\000A\000P\000I}{chapter.4}% 24
\BOOKMARK [2][-]{subsection.4.2.1}{\376\377\000E\000n\000d\000p\000o\000i\000n\000t\000s}{section.4.2}% 25
\BOOKMARK [2][-]{subsection.4.2.2}{\376\377\000C\000o\000n\000s\000u\000m\000p\000t\000i\000o\000n}{section.4.2}% 26
\BOOKMARK [1][-]{section.4.3}{\376\377\000L\000a\000y\000o\000u\000t}{chapter.4}% 27
\BOOKMARK [1][-]{section.4.4}{\376\377\000A\000u\000t\000h\000e\000n\000t\000i\000c\000a\000t\000i\000o\000n}{chapter.4}% 28
\BOOKMARK [2][-]{subsection.4.4.1}{\376\377\000R\000e\000g\000i\000s\000t\000r\000a\000t\000i\000o\000n}{section.4.4}% 29
\BOOKMARK [2][-]{subsection.4.4.2}{\376\377\000L\000o\000g\000i\000n}{section.4.4}% 30
\BOOKMARK [1][-]{section.4.5}{\376\377\000P\000r\000o\000f\000i\000l\000e}{chapter.4}% 31
\BOOKMARK [1][-]{section.4.6}{\376\377\000D\000a\000t\000a\000\040\000T\000a\000b\000l\000e\000s}{chapter.4}% 32
\BOOKMARK [1][-]{section.4.7}{\376\377\000J\000o\000b\000\040\000D\000e\000s\000c\000r\000i\000p\000t\000i\000o\000n\000\040\000F\000l\000o\000w}{chapter.4}% 33
\BOOKMARK [2][-]{subsection.4.7.1}{\376\377\000S\000t\000a\000t\000e\000\040\000M\000a\000c\000h\000i\000n\000e}{section.4.7}% 34
\BOOKMARK [2][-]{subsection.4.7.2}{\376\377\000F\000o\000r\000m\000s}{section.4.7}% 35
\BOOKMARK [2][-]{subsection.4.7.3}{\376\377\000P\000e\000r\000m\000i\000s\000s\000i\000o\000n\000s}{section.4.7}% 36
\BOOKMARK [1][-]{section.4.8}{\376\377\000A\000d\000v\000i\000s\000o\000r\000y\000\040\000A\000p\000p\000o\000i\000n\000t\000m\000e\000n\000t\000\040\000C\000o\000m\000m\000i\000t\000t\000e\000e\000s\000\040\000F\000l\000o\000w}{chapter.4}% 37
\BOOKMARK [2][-]{subsection.4.8.1}{\376\377\000F\000o\000r\000m}{section.4.8}% 38
\BOOKMARK [1][-]{section.4.9}{\376\377\000T\000e\000s\000t\000i\000n\000g}{chapter.4}% 39
\BOOKMARK [0][-]{chapter.5}{\376\377\000P\000r\000o\000j\000e\000c\000t\000\040\000R\000e\000v\000i\000e\000w}{}% 40
\BOOKMARK [1][-]{section.5.1}{\376\377\000R\000e\000f\000l\000e\000c\000t\000i\000o\000n\000s}{chapter.5}% 41
\BOOKMARK [2][-]{subsection.5.1.1}{\376\377\000F\000u\000r\000t\000h\000e\000r\000\040\000W\000o\000r\000k}{section.5.1}% 42
\BOOKMARK [0][-]{chapter*.24}{\376\377\000R\000e\000f\000e\000r\000e\000n\000c\000e\000s}{}% 43
\BOOKMARK [0][-]{appendix.a.A}{\376\377\000D\000a\000t\000a\000b\000a\000s\000e}{}% 44
\BOOKMARK [0][-]{appendix.a.B}{\376\377\000E\000n\000d\000p\000o\000i\000n\000t\000s}{}% 45
\BOOKMARK [1][-]{section.a.B.1}{\376\377\000A\000P\000I\000\040\000E\000n\000d\000p\000o\000i\000n\000t\000s}{appendix.a.B}% 46
\BOOKMARK [1][-]{section.a.B.2}{\376\377\000J\000D\000\040\000C\000h\000e\000c\000k\000l\000i\000s\000t\000\040\000E\000n\000d\000p\000o\000i\000n\000t}{appendix.a.B}% 47
\BOOKMARK [0][-]{appendix.a.C}{\376\377\000U\000s\000e\000r\000\040\000I\000n\000t\000e\000r\000f\000a\000c\000e}{}% 48
\BOOKMARK [1][-]{section.a.C.1}{\376\377\000R\000e\000s\000p\000o\000n\000s\000i\000v\000e\000\040\000\046\000\040\000D\000a\000r\000k\000\040\000M\000o\000d\000e}{appendix.a.C}% 49
\BOOKMARK [1][-]{section.a.C.2}{\376\377\000A\000u\000t\000h}{appendix.a.C}% 50
\BOOKMARK [2][-]{subsection.a.C.2.1}{\376\377\000L\000o\000g\000i\000n}{section.a.C.2}% 51
\BOOKMARK [2][-]{subsection.a.C.2.2}{\376\377\000R\000e\000g\000i\000s\000t\000e\000r}{section.a.C.2}% 52
\BOOKMARK [1][-]{section.a.C.3}{\376\377\000P\000r\000o\000f\000i\000l\000e}{appendix.a.C}% 53
\BOOKMARK [1][-]{section.a.C.4}{\376\377\000P\000a\000n\000e\000l}{appendix.a.C}% 54
\BOOKMARK [0][-]{appendix.a.D}{\376\377\000P\000r\000e\000l\000i\000m\000i\000n\000a\000r\000y\000\040\000P\000l\000a\000n\000n\000i\000n\000g}{}% 55
\BOOKMARK [1][-]{section.a.D.1}{\376\377\000P\000r\000o\000j\000e\000c\000t\000\040\000P\000l\000a\000n}{appendix.a.D}% 56
\BOOKMARK [1][-]{section.a.D.2}{\376\377\000R\000i\000s\000k\000\040\000I\000d\000e\000n\000t\000i\000f\000i\000c\000a\000t\000i\000o\000n}{appendix.a.D}% 57
\BOOKMARK [1][-]{section.a.D.3}{\376\377\000I\000n\000i\000t\000i\000a\000l\000\040\000O\000b\000j\000e\000c\000t\000i\000v\000e\000s\000\040\000a\000n\000d\000\040\000R\000e\000s\000e\000a\000r\000c\000h\000\040\000Q\000u\000e\000s\000t\000i\000o\000n\000s}{appendix.a.D}% 58
